Total People in frame = 7
Number of people in queue = {1: 1, 2: 1}
Total People in frame = 8
Number of people in queue = {1: 1, 2: 1}
Total People in frame = 8
Number of people in queue = {1: 1, 2: 1}
Total People in frame = 8
Number of people in queue = {1: 1, 2: 1}
Total People in frame = 8
Number of people in queue = {1: 1, 2: 1}
Total People in frame = 8
Number of people in queue = {1: 1, 2: 1}
Total People in frame = 8
Number of people in queue = {1: 1, 2: 1}
Total People in frame = 8
Number of people in queue = {1: 1, 2: 1}
Total People in frame = 8
Number of people in queue = {1: 1, 2: 1}
Total People in frame = 8
Number of people in queue = {1: 1, 2: 1}
Total People in frame = 9
Number of people in queue = {1: 1, 2: 2}
Total People in frame = 8
Number of people in queue = {1: 1, 2: 1}
Total People in frame = 8
Number of people in queue = {1: 1, 2: 1}
Total People in frame = 7
Number of people in queue = {1: 1, 2: 1}
Total People in frame = 7
Number of people in queue = {1: 1, 2: 1}
Total People in frame = 7
Number of people in queue = {1: 1, 2: 1}
Total People in frame = 8
Number of people in queue = {1: 1, 2: 2}
Total People in frame = 8
Number of people in queue = {1: 1, 2: 2}
Total People in frame = 7
Number of people in queue = {1: 1, 2: 1}
Total People in frame = 7
Number of people in queue = {1: 1, 2: 1}
Total People in frame = 7
Number of people in queue = {1: 1, 2: 1}
Total People in frame = 8
Number of people in queue = {1: 1, 2: 2}
Total People in frame = 7
Number of people in queue = {1: 1, 2: 1}
Total People in frame = 8
Number of people in queue = {1: 1, 2: 2}
Total People in frame = 8
Number of people in queue = {1: 1, 2: 2}
Total People in frame = 7
Number of people in queue = {1: 1, 2: 1}
Total People in frame = 7
Number of people in queue = {1: 1, 2: 1}
Total People in frame = 8
Number of people in queue = {1: 1, 2: 2}
Total People in frame = 7
Number of people in queue = {1: 1, 2: 1}
Total People in frame = 8
Number of people in queue = {1: 1, 2: 2}
Total People in frame = 7
Number of people in queue = {1: 1, 2: 1}
Total People in frame = 8
Number of people in queue = {1: 1, 2: 1}
Total People in frame = 8
Number of people in queue = {1: 1, 2: 1}
Total People in frame = 8
Number of people in queue = {1: 1, 2: 1}
Total People in frame = 8
Number of people in queue = {1: 1, 2: 1}
Total People in frame = 6
Number of people in queue = {1: 1, 2: 1}
Total People in frame = 7
Number of people in queue = {1: 1, 2: 1}
Total People in frame = 8
Number of people in queue = {1: 1, 2: 1}
Total People in frame = 6
Number of people in queue = {1: 1, 2: 1}
Total People in frame = 7
Number of people in queue = {1: 1, 2: 1}
Total People in frame = 7
Number of people in queue = {1: 1, 2: 1}
Total People in frame = 6
Number of people in queue = {1: 1, 2: 1}
Total People in frame = 7
Number of people in queue = {1: 1, 2: 1}
Total People in frame = 7
Number of people in queue = {1: 1, 2: 1}
Total People in frame = 7
Number of people in queue = {1: 1, 2: 1}
Total People in frame = 5
Number of people in queue = {1: 1, 2: 1}
Total People in frame = 5
Number of people in queue = {1: 1, 2: 1}
Total People in frame = 5
Number of people in queue = {1: 1, 2: 1}
Total People in frame = 5
Number of people in queue = {1: 1, 2: 1}
Total People in frame = 5
Number of people in queue = {1: 1, 2: 1}
Total People in frame = 5
Number of people in queue = {1: 1, 2: 1}
Total People in frame = 6
Number of people in queue = {1: 1, 2: 1}
Total People in frame = 5
Number of people in queue = {1: 1, 2: 1}
Total People in frame = 6
Number of people in queue = {1: 1, 2: 1}
Total People in frame = 5
Number of people in queue = {1: 1, 2: 1}
Total People in frame = 6
Number of people in queue = {1: 1, 2: 1}
Total People in frame = 5
Number of people in queue = {1: 1, 2: 1}
Total People in frame = 5
Number of people in queue = {1: 1, 2: 1}
Total People in frame = 5
Number of people in queue = {1: 1, 2: 1}
Total People in frame = 5
Number of people in queue = {1: 1, 2: 1}
Total People in frame = 6
Number of people in queue = {1: 1, 2: 1}
Total People in frame = 6
Number of people in queue = {1: 1, 2: 2}
Total People in frame = 7
Number of people in queue = {1: 1, 2: 2}
Total People in frame = 7
Number of people in queue = {1: 1, 2: 2}
Total People in frame = 6
Number of people in queue = {1: 1, 2: 2}
Total People in frame = 8
Number of people in queue = {1: 1, 2: 2}
Total People in frame = 7
Number of people in queue = {1: 1, 2: 2}
Total People in frame = 8
Number of people in queue = {1: 1, 2: 2}
Total People in frame = 8
Number of people in queue = {1: 1, 2: 2}
Total People in frame = 8
Number of people in queue = {1: 1, 2: 2}
Total People in frame = 6
Number of people in queue = {1: 1, 2: 1}
Total People in frame = 7
Number of people in queue = {1: 1, 2: 1}
Total People in frame = 6
Number of people in queue = {1: 1, 2: 1}
Total People in frame = 7
Number of people in queue = {1: 1, 2: 1}
Total People in frame = 7
Number of people in queue = {1: 1, 2: 1}
Total People in frame = 8
Number of people in queue = {1: 1, 2: 2}
Total People in frame = 7
Number of people in queue = {1: 1, 2: 2}
Total People in frame = 8
Number of people in queue = {1: 1, 2: 2}
Total People in frame = 7
Number of people in queue = {1: 1, 2: 1}
Total People in frame = 7
Number of people in queue = {1: 1, 2: 1}
Total People in frame = 8
Number of people in queue = {1: 1, 2: 1}
Total People in frame = 8
Number of people in queue = {1: 1, 2: 1}
Total People in frame = 8
Number of people in queue = {1: 1, 2: 1}
Total People in frame = 8
Number of people in queue = {1: 1, 2: 1}
Total People in frame = 8
Number of people in queue = {1: 1, 2: 1}
Total People in frame = 8
Number of people in queue = {1: 1, 2: 1}
Total People in frame = 8
Number of people in queue = {1: 1, 2: 1}
Total People in frame = 8
Number of people in queue = {1: 1, 2: 1}
Total People in frame = 7
Number of people in queue = {1: 1, 2: 1}
Total People in frame = 7
Number of people in queue = {1: 1, 2: 1}
Total People in frame = 7
Number of people in queue = {1: 1, 2: 1}
Total People in frame = 8
Number of people in queue = {1: 1, 2: 1}
Total People in frame = 7
Number of people in queue = {1: 1, 2: 1}
Total People in frame = 7
Number of people in queue = {1: 1, 2: 1}
Total People in frame = 6
Number of people in queue = {1: 1, 2: 1}
Total People in frame = 8
Number of people in queue = {1: 1, 2: 1}
Total People in frame = 7
Number of people in queue = {1: 1, 2: 1}
Total People in frame = 6
Number of people in queue = {1: 1, 2: 1}
Total People in frame = 6
Number of people in queue = {1: 1, 2: 1}
Total People in frame = 6
Number of people in queue = {1: 1, 2: 1}
Total People in frame = 6
Number of people in queue = {1: 1, 2: 1}
Total People in frame = 6
Number of people in queue = {1: 1, 2: 1}
Total People in frame = 6
Number of people in queue = {1: 1, 2: 1}
Total People in frame = 6
Number of people in queue = {1: 1, 2: 1}
Total People in frame = 6
Number of people in queue = {1: 1, 2: 1}
Total People in frame = 6
Number of people in queue = {1: 1, 2: 1}
Total People in frame = 6
Number of people in queue = {1: 1, 2: 1}
Total People in frame = 6
Number of people in queue = {1: 1, 2: 1}
Total People in frame = 6
Number of people in queue = {1: 1, 2: 1}
Total People in frame = 6
Number of people in queue = {1: 1, 2: 1}
Total People in frame = 6
Number of people in queue = {1: 1, 2: 1}
Total People in frame = 6
Number of people in queue = {1: 1, 2: 1}
Total People in frame = 6
Number of people in queue = {1: 1, 2: 1}
Total People in frame = 6
Number of people in queue = {1: 1, 2: 1}
Total People in frame = 7
Number of people in queue = {1: 1, 2: 1}
Total People in frame = 7
Number of people in queue = {1: 1, 2: 1}
Total People in frame = 6
Number of people in queue = {1: 1, 2: 1}
Total People in frame = 6
Number of people in queue = {1: 1, 2: 1}
Total People in frame = 6
Number of people in queue = {1: 1, 2: 1}
Total People in frame = 6
Number of people in queue = {1: 1, 2: 1}
Total People in frame = 7
Number of people in queue = {1: 1, 2: 2}
Total People in frame = 7
Number of people in queue = {1: 1, 2: 2}
Total People in frame = 9
Number of people in queue = {1: 1, 2: 2}
Total People in frame = 8
Number of people in queue = {1: 1, 2: 2}
Total People in frame = 7
Number of people in queue = {1: 1, 2: 2}
Total People in frame = 7
Number of people in queue = {1: 1, 2: 2}
Total People in frame = 7
Number of people in queue = {1: 1, 2: 2}
Total People in frame = 7
Number of people in queue = {1: 1, 2: 2}
Total People in frame = 7
Number of people in queue = {1: 1, 2: 2}
Total People in frame = 6
Number of people in queue = {1: 1, 2: 1}
Total People in frame = 6
Number of people in queue = {1: 1, 2: 1}
Total People in frame = 6
Number of people in queue = {1: 1, 2: 1}
Total People in frame = 6
Number of people in queue = {1: 1, 2: 1}
Total People in frame = 7
Number of people in queue = {1: 1, 2: 1}
Total People in frame = 8
Number of people in queue = {1: 1, 2: 2}
Total People in frame = 7
Number of people in queue = {1: 1, 2: 1}
Total People in frame = 7
Number of people in queue = {1: 1, 2: 1}
Total People in frame = 6
Number of people in queue = {1: 1, 2: 1}
Total People in frame = 6
Number of people in queue = {1: 1, 2: 1}
Total People in frame = 5
Number of people in queue = {1: 1, 2: 1}
Total People in frame = 5
Number of people in queue = {1: 1, 2: 1}
Total People in frame = 5
Number of people in queue = {1: 1, 2: 1}
Total People in frame = 6
Number of people in queue = {1: 1, 2: 2}
Total People in frame = 5
Number of people in queue = {1: 1, 2: 1}
Total People in frame = 6
Number of people in queue = {1: 1, 2: 2}
Total People in frame = 5
Number of people in queue = {1: 1, 2: 1}
Total People in frame = 6
Number of people in queue = {1: 1, 2: 2}
Total People in frame = 5
Number of people in queue = {1: 1, 2: 1}
Total People in frame = 6
Number of people in queue = {1: 1, 2: 1}
Total People in frame = 6
Number of people in queue = {1: 1, 2: 1}
Total People in frame = 6
Number of people in queue = {1: 1, 2: 1}
Total People in frame = 6
Number of people in queue = {1: 1, 2: 1}
Total People in frame = 5
Number of people in queue = {1: 1, 2: 1}
Total People in frame = 5
Number of people in queue = {1: 1, 2: 1}
Total People in frame = 5
Number of people in queue = {1: 1, 2: 1}
Total People in frame = 5
Number of people in queue = {1: 1, 2: 1}
Total People in frame = 5
Number of people in queue = {1: 1, 2: 1}
Total People in frame = 7
Number of people in queue = {1: 1, 2: 1}
Total People in frame = 6
Number of people in queue = {1: 1, 2: 1}
Total People in frame = 6
Number of people in queue = {1: 1, 2: 1}
Total People in frame = 6
Number of people in queue = {1: 1, 2: 1}
Total People in frame = 6
Number of people in queue = {1: 1, 2: 1}
Total People in frame = 5
Number of people in queue = {1: 1, 2: 1}
Total People in frame = 6
Number of people in queue = {1: 1, 2: 1}
Total People in frame = 6
Number of people in queue = {1: 1, 2: 1}
Total People in frame = 6
Number of people in queue = {1: 1, 2: 1}
Total People in frame = 6
Number of people in queue = {1: 1, 2: 1}
Total People in frame = 6
Number of people in queue = {1: 1, 2: 1}
Total People in frame = 6
Number of people in queue = {1: 1, 2: 1}
Total People in frame = 6
Number of people in queue = {1: 1, 2: 1}
Total People in frame = 5
Number of people in queue = {1: 1, 2: 1}
Total People in frame = 5
Number of people in queue = {1: 1, 2: 1}
Total People in frame = 5
Number of people in queue = {1: 1, 2: 1}
Total People in frame = 6
Number of people in queue = {1: 1, 2: 1}
Total People in frame = 6
Number of people in queue = {1: 1, 2: 1}
Total People in frame = 6
Number of people in queue = {1: 1, 2: 1}
Total People in frame = 6
Number of people in queue = {1: 1, 2: 1}
Total People in frame = 6
Number of people in queue = {1: 1, 2: 1}
Total People in frame = 6
Number of people in queue = {1: 1, 2: 1}
Total People in frame = 6
Number of people in queue = {1: 1, 2: 1}
Total People in frame = 6
Number of people in queue = {1: 1, 2: 1}
Total People in frame = 6
Number of people in queue = {1: 1, 2: 1}
Total People in frame = 6
Number of people in queue = {1: 1, 2: 1}
Total People in frame = 7
Number of people in queue = {1: 1, 2: 1}
Total People in frame = 7
Number of people in queue = {1: 1, 2: 1}
Total People in frame = 8
Number of people in queue = {1: 1, 2: 2}
Total People in frame = 8
Number of people in queue = {1: 1, 2: 2}
Total People in frame = 9
Number of people in queue = {1: 1, 2: 2}
Total People in frame = 8
Number of people in queue = {1: 1, 2: 1}
Total People in frame = 8
Number of people in queue = {1: 1, 2: 1}
Total People in frame = 8
Number of people in queue = {1: 1, 2: 1}
Total People in frame = 8
Number of people in queue = {1: 1, 2: 1}
Total People in frame = 7
Number of people in queue = {1: 1, 2: 1}
Total People in frame = 8
Number of people in queue = {1: 1, 2: 1}
Total People in frame = 8
Number of people in queue = {1: 1, 2: 1}
Total People in frame = 8
Number of people in queue = {1: 1, 2: 1}
Total People in frame = 8
Number of people in queue = {1: 1, 2: 1}
Total People in frame = 8
Number of people in queue = {1: 1, 2: 1}
Total People in frame = 8
Number of people in queue = {1: 1, 2: 1}
Total People in frame = 7
Number of people in queue = {1: 1, 2: 1}
Total People in frame = 6
Number of people in queue = {1: 1, 2: 1}
Total People in frame = 6
Number of people in queue = {1: 1, 2: 1}
Total People in frame = 5
Number of people in queue = {1: 1, 2: 1}
Total People in frame = 6
Number of people in queue = {1: 1, 2: 1}
Total People in frame = 6
Number of people in queue = {1: 1, 2: 1}
Total People in frame = 6
Number of people in queue = {1: 1, 2: 1}
Total People in frame = 6
Number of people in queue = {1: 1, 2: 1}
Total People in frame = 6
Number of people in queue = {1: 1, 2: 1}
Total People in frame = 6
Number of people in queue = {1: 1, 2: 1}
Total People in frame = 6
Number of people in queue = {1: 1, 2: 1}
Total People in frame = 6
Number of people in queue = {1: 1, 2: 1}
Total People in frame = 6
Number of people in queue = {1: 1, 2: 1}
Total People in frame = 6
Number of people in queue = {1: 1, 2: 1}
Total People in frame = 6
Number of people in queue = {1: 1, 2: 1}
Total People in frame = 6
Number of people in queue = {1: 1, 2: 1}
Total People in frame = 6
Number of people in queue = {1: 1, 2: 1}
Total People in frame = 6
Number of people in queue = {1: 1, 2: 1}
Total People in frame = 6
Number of people in queue = {1: 1, 2: 1}
Total People in frame = 6
Number of people in queue = {1: 1, 2: 1}
Total People in frame = 6
Number of people in queue = {1: 1, 2: 1}
Total People in frame = 6
Number of people in queue = {1: 1, 2: 1}
Total People in frame = 7
Number of people in queue = {1: 1, 2: 1}
Total People in frame = 6
Number of people in queue = {1: 1, 2: 1}
Total People in frame = 6
Number of people in queue = {1: 1, 2: 1}
Total People in frame = 6
Number of people in queue = {1: 1, 2: 1}
Total People in frame = 6
Number of people in queue = {1: 1, 2: 1}
Total People in frame = 6
Number of people in queue = {1: 1, 2: 1}
Total People in frame = 7
Number of people in queue = {1: 1, 2: 1}
Total People in frame = 7
Number of people in queue = {1: 1, 2: 1}
Total People in frame = 6
Number of people in queue = {1: 1, 2: 1}
Total People in frame = 7
Number of people in queue = {1: 1, 2: 1}
Total People in frame = 7
Number of people in queue = {1: 1, 2: 1}
Total People in frame = 7
Number of people in queue = {1: 1, 2: 1}
Total People in frame = 7
Number of people in queue = {1: 1, 2: 1}
Total People in frame = 7
Number of people in queue = {1: 1, 2: 1}
Total People in frame = 7
Number of people in queue = {1: 1, 2: 1}
Total People in frame = 7
Number of people in queue = {1: 1, 2: 1}
Total People in frame = 7
Number of people in queue = {1: 1, 2: 1}
Total People in frame = 7
Number of people in queue = {1: 1, 2: 1}
Total People in frame = 8
Number of people in queue = {1: 1, 2: 1}
Total People in frame = 8
Number of people in queue = {1: 1, 2: 1}
Total People in frame = 8
Number of people in queue = {1: 1, 2: 1}
Total People in frame = 8
Number of people in queue = {1: 1, 2: 1}
Total People in frame = 8
Number of people in queue = {1: 1, 2: 1}
Total People in frame = 8
Number of people in queue = {1: 1, 2: 1}
Total People in frame = 7
Number of people in queue = {1: 1, 2: 1}
Total People in frame = 8
Number of people in queue = {1: 1, 2: 1}
Total People in frame = 8
Number of people in queue = {1: 1, 2: 1}
Total People in frame = 7
Number of people in queue = {1: 1, 2: 1}
Total People in frame = 7
Number of people in queue = {1: 1, 2: 1}
Total People in frame = 7
Number of people in queue = {1: 1, 2: 1}
Total People in frame = 6
Number of people in queue = {1: 1, 2: 1}
Total People in frame = 7
Number of people in queue = {1: 1, 2: 1}
Total People in frame = 6
Number of people in queue = {1: 1, 2: 1}
Total People in frame = 7
Number of people in queue = {1: 1, 2: 1}
Total People in frame = 7
Number of people in queue = {1: 1, 2: 1}
Total People in frame = 7
Number of people in queue = {1: 1, 2: 1}
Total People in frame = 7
Number of people in queue = {1: 1, 2: 1}
Total People in frame = 7
Number of people in queue = {1: 1, 2: 1}
Total People in frame = 7
Number of people in queue = {1: 1, 2: 1}
Total People in frame = 6
Number of people in queue = {1: 1, 2: 1}
Total People in frame = 6
Number of people in queue = {1: 1, 2: 1}
Total People in frame = 6
Number of people in queue = {1: 1, 2: 1}
Total People in frame = 6
Number of people in queue = {1: 1, 2: 1}
Total People in frame = 5
Number of people in queue = {1: 1, 2: 1}
Total People in frame = 5
Number of people in queue = {1: 1, 2: 1}
Total People in frame = 6
Number of people in queue = {1: 1, 2: 1}
Total People in frame = 6
Number of people in queue = {1: 1, 2: 1}
Total People in frame = 6
Number of people in queue = {1: 1, 2: 1}
Total People in frame = 6
Number of people in queue = {1: 1, 2: 1}
Total People in frame = 6
Number of people in queue = {1: 1, 2: 1}
Total People in frame = 6
Number of people in queue = {1: 1, 2: 1}
Total People in frame = 6
Number of people in queue = {1: 1, 2: 1}
Total People in frame = 6
Number of people in queue = {1: 1, 2: 1}
Total People in frame = 6
Number of people in queue = {1: 1, 2: 1}
Total People in frame = 0
Number of people in queue = {1: 0, 2: 0}
results/
results/manufacturing/
results/manufacturing/cpu/
results/manufacturing/cpu/stats.txt
results/manufacturing/cpu/output_video.mp4
stderr.log
